<?xml version="1.0" encoding="UTF-8"?>
<!-- Generated by org.testng.reporters.JUnitReportReporter -->
<testsuite hostname="DESKTOP-EH3H1EK" failures="0" tests="1" name="TestClass.TestCasesCheck" time="9.449" errors="0" timestamp="2025-01-30T12:25:15 IST" skipped="0">
  <testcase classname="TestClass.TestCasesCheck" name="CheckTestCases" time="9.449"/>
</testsuite> <!-- TestClass.TestCasesCheck -->
